 11:43:57.259305 T  5424 Config.cpp 227] MixItem.VideoParam.bEncoded = TRUE£¨but videoMixer is Shielded.
 11:43:57.259305 T  5424 Config.cpp 227] MixItem.VideoParam.bEncoded = TRUE£¨but videoMixer is Shielded.
 11:43:57.259305 T  5424 Config.cpp 227] MixItem.VideoParam.bEncoded = TRUE£¨but videoMixer is Shielded.
 11:43:57.259305 T  5424 Config.cpp 227] MixItem.VideoParam.bEncoded = TRUE£¨but videoMixer is Shielded.
 11:43:57.314310 T  5424 WConfService.cpp 141] MakeSrvNodeID:NID:1$DID:steel1.
 11:43:57.324311 T  5424 ErrorConfig.cpp 97] Load Error Config File Path: ErrorConfig.xml
 11:43:57.328311 T  5424 WConfService.cpp 198] Conference Service Started,Application ID = 11.
 11:44:01.779757 T 12568 MySessionManager.cpp 47] AddSession SessionData = 00000000078061F8, RoomSrvNodeID = , RoomID = 0, UserID = 0, SessionID = 21106.
 11:44:01.779757 T 12568 MySessionManager.h 85] SetUserData, SessionID = 21106, UserData1 = 125854200, UserData2 = 0.
 11:44:01.779757 T 12568 WConfService.cpp 586] Session Accept, SessionID = 21106.
 11:44:01.783756 T 12568 WConfService.cpp 833] <CWConfService::OnLoginReq>:RoomID = 76735,UserName = king01,UserID = 1361985,UserType=1,SessionID = 21106.
 11:44:01.783756 T 12568 WConfService.cpp 848] AlterSession SessionData = 00000000078061F8, RoomSrvNodeID = NID:1$DID:steel1, RoomID = 76735, UserID = 1361985, SessionID = 21106.
 11:44:01.789757 T 12568 WConfService.cpp 3495] TryActiveToken2 Notify,RoomID = 76735,UserID = 1361985,SessionID = 21106,dbRet = 0.
 11:44:01.789757 T 12568 WConfService.cpp 3507] ProcessTryActiveTokenNotify, get RoomID from Boss,RoomID = 76735, dwRoomIDFromClient = 76735.
 11:44:01.789757 T 12568 WConfService.cpp 3519] AlterSession SessionData = 00000000078061F8, RoomSrvNodeID = NID:1$DID:steel1, RoomID = 76735, UserID = 1361985, SessionID = 21106.
 11:44:01.793757 T 12568 WConfService.cpp 3588] GetUserRoleNotify Notify,RoomID = 76735,UserID = 1361985,SessionID = 21106.
 11:44:01.825761 T 12568 WConfService.cpp 2697] Get room mode settings, RoomID = 76735, RoomModeType = standard
 11:44:01.832762 T 12568 LocalRoom.cpp 4037] <CLocalRoom::Open> CreateMediaGroup Succcess! RoomID=76735,GroupID = {15F7AF0E-09D0-4F11-B600-F9736BDB9E7A}.
 11:44:01.832762 T 12568 LocalRoom.cpp 4086] <CLocalRoom::Open> CreateVNCGroup Succcess! RoomID=76735,GroupID = {D2069141-2E21-4E57-B156-DFFD51CBAB9E}.
 11:44:01.832762 T 12568 LocalRoom.cpp 4125] <CLocalRoom::Open> CreateWBGroup Succcess! RoomID=76735,GroupID = {6401B9D1-9AC0-4D2F-A201-1BCFFF8F789D}.
 11:44:01.833761 T 12568 PhoneAccessServer.cpp 144] Init room(76735) password(523249318) for phone user
 11:44:01.833761 T 12568 PhoneAccessServer.cpp 171] Phone access server of room(76735) init successfully
 11:44:01.842762 T 12568 LocalRoom.cpp 145] <CLocalRoom::Open> RoomID = 76735,RemainMinute = 53690,WB = 1,Audio = 1,Video = 1,Mobile = 1,MultiVideo = 1,DualDisp = 1,WndMode = 0,AudioCount= 32,VideoCount = 25,Width = 1920,Height = 1080,Bitrate = 3000,FrameRate = 30.
 11:44:01.842762 T 12568 LocalRoom.cpp 5230] {"recordType":"RoomGroupInfo","groupId":"{15f7af0e-09d0-4f11-b600-f9736bdb9e7a}","groupType":"AV","roomId":76735,"roomName":"ÊÇüÁ©∫ÔºàÊéàÊùÉÔºâ","companyId":39326,"companyName":"","status":true}
 11:44:01.842762 T 12568 WConfService.cpp 2784] Open Room Success,RoomID = 76735.
 11:44:01.842762 T 12568 GlobalConfig.cpp 155] Current Room Count = 1,Onlines = 0.
 11:44:01.842762 T 12568 WConfService.cpp 955] <CLocalRoom::OnLoginReq(LOGINREQ_BEGIN)> RoomID = 76735, UserID = 1361985
 11:44:01.842762 T 12568 LocalRoom.cpp 4941] AddLoginUserOnlineState InsertUser dwUserID=1361985 dwOnlineState=0, dwRoomID=76735 
 11:44:01.853764 T 12568 WConfService.cpp 3652] Conf_UserLogin Notify,RoomID = 76735,UserID = 1361985,SessionID = 21106,dbRet = 0.
 11:44:01.853764 T 12568 GlobalConfig.cpp 138] Current Room Count = 1,Onlines = 1.
 11:44:01.855763 T 12568 LocalRoom.cpp 733] <CLocalRoom::OnLoginReq> RoomID = 76735,CurUserCount = 1,MaxUserCount = 30,UserName = king01,UserID = 1361985,UserType=1,SessionID = 21106,nResult = 0,RoomLogID = 112395.
 11:44:04.519031 T 12568 LocalRoom.cpp 833] HandleSendUserListToUser RoomID = 76735,userid = 1361985, locallogin = 1
 11:44:04.526031 T 12568 LocalRoom.cpp 1049] RoomID = 76735, Current UserCount = 1, UserName= king01 ,UserID = 1361985 InitComplete
HandleSendUserListToUser takes 0 us.
HandleSendUserInfo takes 7000 us.
SendRoomDataToUser takes 0 us.
 11:44:04.526031 T 12568 LocalRoom.cpp 2641] RoomID = 76735, UserCount = 1, Process UserName= king01 ,UserID = 1361985 ,InitComplete takes 7000 us,login complete takes 2742274 us.
 11:44:04.526031 T 12568 ConfMsgProcessor.cpp 343] CONF_CMDID_AVINFO, SessionID=21106, ID=0, Name=, Operation=1. 
 11:44:04.526031 T 12568 LocalRoom.cpp 1378] OnUserAVDeviceState: RoomID = 76735, UserID = 1361985, bOperation = 1, IsAudio = 1, ID = 0.
 11:44:19.415519 T 12568 WConfService.cpp 1025] OnLogoutReq,RoomID = 76735,UserID = 1361985 sessionid = 21106
 11:44:19.415519 T 12568 LocalRoom.cpp 1055] OnLogoutReq, userid = 1361985, sessionid = 21106
 11:44:19.416520 T 12568 LocalRoom.cpp 2831] <CLocalRoom::CheckAndProcessLastChairLogout>,Room 76735 Last Chair logout.
 11:44:19.416520 T 12568 MySessionManager.cpp 67] DelSession SessionData = 00000000078061F8, RoomSrvNodeID = NID:1$DID:steel1, RoomID = 76735, UserID = 1361985, SessionID = 21106.
 11:44:19.416520 T 12568 GlobalConfig.cpp 132] Current Room Count = 1,Onlines = 0.
 11:44:19.424520 T 12568 LocalRoom.cpp 1231] <CLocalRoom::OnLogoutReq>,RoomID = 76735,UserID = 1361985,LocalLogin = 1,SessionID = 21106,        Current User Count = 0. takes 9001 us.
 11:44:19.424520 T 12568 WConfService.cpp 2123] RemoveLocalRoom, RoomServiceNodeID = NID:1$DID:steel1, RoomID = 76735.
 11:44:19.424520 T 12568 LocalRoom.cpp 5235] DestroyGroup, RoomID = 76735.
 11:44:19.424520 T 12568 GlobalConfig.cpp 149] Current Room Count = 0,Onlines = 0.
 11:44:19.558535 T 12568 LocalRoom.cpp 158] <CLocalRoom::Close>,Close Room,RoomID = 76735,Remain Login Request Count = 0,Remain User Count = 0.
 11:44:19.558535 T 12568 PhoneAccessServer.cpp 221] Phone access server of room(76735) closed
 11:44:19.558535 T 12568 LocalRoom.cpp 76] CLocalRoom::~CLocalRoom ,Destruction 
 11:44:19.558535 T 12568 PhoneAccessServer.cpp 221] Phone access server of room(76735) closed
 11:44:19.558535 T 12568 Room.cpp 53] CRoom::~CRoom, Destruction 
 11:44:19.558535 T 12568 ConfMsgProcessor.cpp 308] <CConfMsgProcessor::ProcessMsg> LogoutReq, nUserID=1361985, wSessionID = 21106 
 11:44:22.207798 T 12568 MySessionManager.cpp 47] AddSession SessionData = 0000000007805FE0, RoomSrvNodeID = , RoomID = 0, UserID = 0, SessionID = 21110.
 11:44:22.207798 T 12568 MySessionManager.h 85] SetUserData, SessionID = 21110, UserData1 = 125853664, UserData2 = 0.
 11:44:22.207798 T 12568 WConfService.cpp 586] Session Accept, SessionID = 21110.
 11:44:22.207798 T 12568 WConfService.cpp 833] <CWConfService::OnLoginReq>:RoomID = 76735,UserName = king01,UserID = 1361985,UserType=1,SessionID = 21110.
 11:44:22.207798 T 12568 WConfService.cpp 848] AlterSession SessionData = 0000000007805FE0, RoomSrvNodeID = NID:1$DID:steel1, RoomID = 76735, UserID = 1361985, SessionID = 21110.
 11:44:22.213799 T 12568 WConfService.cpp 3495] TryActiveToken2 Notify,RoomID = 76735,UserID = 1361985,SessionID = 21110,dbRet = 0.
 11:44:22.213799 T 12568 WConfService.cpp 3507] ProcessTryActiveTokenNotify, get RoomID from Boss,RoomID = 76735, dwRoomIDFromClient = 76735.
 11:44:22.213799 T 12568 WConfService.cpp 3519] AlterSession SessionData = 0000000007805FE0, RoomSrvNodeID = NID:1$DID:steel1, RoomID = 76735, UserID = 1361985, SessionID = 21110.
 11:44:22.216799 T 12568 WConfService.cpp 3588] GetUserRoleNotify Notify,RoomID = 76735,UserID = 1361985,SessionID = 21110.
 11:44:22.253803 T 12568 WConfService.cpp 2697] Get room mode settings, RoomID = 76735, RoomModeType = standard
 11:44:22.257803 T 12568 LocalRoom.cpp 4037] <CLocalRoom::Open> CreateMediaGroup Succcess! RoomID=76735,GroupID = {DAD3B4A7-B851-48E7-B9BA-AFA2D70272D2}.
 11:44:22.257803 T 12568 LocalRoom.cpp 4086] <CLocalRoom::Open> CreateVNCGroup Succcess! RoomID=76735,GroupID = {59EDE9A2-72DC-432B-B3AD-D596FE61BEAB}.
 11:44:22.257803 T 12568 LocalRoom.cpp 4125] <CLocalRoom::Open> CreateWBGroup Succcess! RoomID=76735,GroupID = {C72109F6-A767-4794-8B85-DCBED6115EB5}.
 11:44:22.258805 T 12568 PhoneAccessServer.cpp 144] Init room(76735) password(523269738) for phone user
 11:44:22.258805 T 12568 PhoneAccessServer.cpp 171] Phone access server of room(76735) init successfully
 11:44:22.268805 T 12568 LocalRoom.cpp 145] <CLocalRoom::Open> RoomID = 76735,RemainMinute = 53690,WB = 1,Audio = 1,Video = 1,Mobile = 1,MultiVideo = 1,DualDisp = 1,WndMode = 0,AudioCount= 32,VideoCount = 25,Width = 1920,Height = 1080,Bitrate = 3000,FrameRate = 30.
 11:44:22.268805 T 12568 LocalRoom.cpp 5230] {"recordType":"RoomGroupInfo","groupId":"{dad3b4a7-b851-48e7-b9ba-afa2d70272d2}","groupType":"AV","roomId":76735,"roomName":"ÊÇüÁ©∫ÔºàÊéàÊùÉÔºâ","companyId":39326,"companyName":"","status":true}
 11:44:22.268805 T 12568 WConfService.cpp 2784] Open Room Success,RoomID = 76735.
 11:44:22.268805 T 12568 GlobalConfig.cpp 155] Current Room Count = 1,Onlines = 0.
 11:44:22.268805 T 12568 WConfService.cpp 955] <CLocalRoom::OnLoginReq(LOGINREQ_BEGIN)> RoomID = 76735, UserID = 1361985
 11:44:22.268805 T 12568 LocalRoom.cpp 4941] AddLoginUserOnlineState InsertUser dwUserID=1361985 dwOnlineState=0, dwRoomID=76735 
 11:44:22.279807 T 12568 WConfService.cpp 3652] Conf_UserLogin Notify,RoomID = 76735,UserID = 1361985,SessionID = 21110,dbRet = 0.
 11:44:22.279807 T 12568 GlobalConfig.cpp 138] Current Room Count = 1,Onlines = 1.
 11:44:22.353813 T 12568 LocalRoom.cpp 733] <CLocalRoom::OnLoginReq> RoomID = 76735,CurUserCount = 1,MaxUserCount = 30,UserName = king01,UserID = 1361985,UserType=1,SessionID = 21110,nResult = 0,RoomLogID = 112396.
 11:44:33.968975 T 12568 LocalRoom.cpp 5230] {"recordType":"RoomGroupInfo","groupId":"{dad3b4a7-b851-48e7-b9ba-afa2d70272d2}","groupType":"AV","roomId":76735,"roomName":"ÊÇüÁ©∫ÔºàÊéàÊùÉÔºâ","companyId":39326,"companyName":"","status":true}
 11:46:33.515928 T 12568 LocalRoom.cpp 1967] CLocalRoom::OnUserOnlineState ChangeUserState dwUserID=1361985 dwOnlineState=1, dwRoomID=76735 
 11:47:42.516828 W 12568 LocalRoom.cpp 5569] User king01 1361985 doesn't in userbuffer or usercache.
 11:47:42.516828 T 12568 WConfService.cpp 717] Session reconnecting 21110.
 11:47:42.516828 T 12568 LocalRoom.cpp 5230] {"recordType":"RoomGroupInfo","groupId":"{dad3b4a7-b851-48e7-b9ba-afa2d70272d2}","groupType":"AV","roomId":76735,"roomName":"ÊÇüÁ©∫ÔºàÊéàÊùÉÔºâ","companyId":39326,"companyName":"","status":true}
 11:47:42.527828 T 12568 LocalRoom.cpp 1967] CLocalRoom::OnUserOnlineState ChangeUserState dwUserID=1361985 dwOnlineState=0, dwRoomID=76735 
 11:47:42.528830 W 12568 LocalRoom.cpp 5569] User king01 1361985 doesn't in userbuffer or usercache.
 11:47:42.528830 T 12568 WConfService.cpp 733] Session reconnected 21110.
 11:48:37.222297 T 12568 LocalRoom.cpp 5230] {"recordType":"RoomGroupInfo","groupId":"{dad3b4a7-b851-48e7-b9ba-afa2d70272d2}","groupType":"AV","roomId":76735,"roomName":"ÊÇüÁ©∫ÔºàÊéàÊùÉÔºâ","companyId":39326,"companyName":"","status":true}
